Vivado Simulator 2020.1
Copyright 1986-1999, 2001-2020 Xilinx, Inc. All Rights Reserved.
Running: C:/Xilinx/Vivado/2020.1/bin/unwrapped/win64.o/xelab.exe -wto 595e1e61f087466e85e15913d426ddcc --debug typical --relax --mt 2 -L xil_defaultlib -L unisims_ver -L unimacro_ver -L secureip --snapshot openmips_min_sopc_tb_behav xil_defaultlib.openmips_min_sopc_tb xil_defaultlib.glbl -log elaborate.log 
Using 2 slave threads.
Starting static elaboration
Pass Through NonSizing Optimizer
Completed static elaboration
Starting simulation data flow analysis
WARNING: [XSIM 43-4099] "D:/03大二学习/02数字逻辑与计算机设计/自己写CPU/自己动手写CPU/Code/Chapter4/openmips_min_sopc.v" Line 40. Module openmips_min_sopc doesn't have a timescale but at least one module in design has a timescale.
WARNING: [XSIM 43-4099] "D:/03大二学习/02数字逻辑与计算机设计/自己写CPU/自己动手写CPU/Code/Chapter4/openmips.v" Line 35. Module openmips doesn't have a timescale but at least one module in design has a timescale.
WARNING: [XSIM 43-4099] "D:/03大二学习/02数字逻辑与计算机设计/自己写CPU/自己动手写CPU/Code/Chapter4/pc_reg.v" Line 35. Module pc_reg doesn't have a timescale but at least one module in design has a timescale.
WARNING: [XSIM 43-4099] "D:/03大二学习/02数字逻辑与计算机设计/自己写CPU/自己动手写CPU/Code/Chapter4/if_id.v" Line 35. Module if_id doesn't have a timescale but at least one module in design has a timescale.
WARNING: [XSIM 43-4099] "D:/03大二学习/02数字逻辑与计算机设计/自己写CPU/自己动手写CPU/Code/Chapter4/id.v" Line 35. Module id doesn't have a timescale but at least one module in design has a timescale.
WARNING: [XSIM 43-4099] "D:/03大二学习/02数字逻辑与计算机设计/自己写CPU/自己动手写CPU/Code/Chapter4/regfile.v" Line 35. Module regfile doesn't have a timescale but at least one module in design has a timescale.
WARNING: [XSIM 43-4099] "D:/03大二学习/02数字逻辑与计算机设计/自己写CPU/自己动手写CPU/Code/Chapter4/id_ex.v" Line 35. Module id_ex doesn't have a timescale but at least one module in design has a timescale.
WARNING: [XSIM 43-4099] "D:/03大二学习/02数字逻辑与计算机设计/自己写CPU/自己动手写CPU/Code/Chapter4/ex.v" Line 35. Module ex doesn't have a timescale but at least one module in design has a timescale.
WARNING: [XSIM 43-4099] "D:/03大二学习/02数字逻辑与计算机设计/自己写CPU/自己动手写CPU/Code/Chapter4/ex_mem.v" Line 35. Module ex_mem doesn't have a timescale but at least one module in design has a timescale.
WARNING: [XSIM 43-4099] "D:/03大二学习/02数字逻辑与计算机设计/自己写CPU/自己动手写CPU/Code/Chapter4/mem.v" Line 35. Module mem doesn't have a timescale but at least one module in design has a timescale.
WARNING: [XSIM 43-4099] "D:/03大二学习/02数字逻辑与计算机设计/自己写CPU/自己动手写CPU/Code/Chapter4/mem_wb.v" Line 35. Module mem_wb doesn't have a timescale but at least one module in design has a timescale.
WARNING: [XSIM 43-4099] "D:/03大二学习/02数字逻辑与计算机设计/自己写CPU/自己动手写CPU/Code/Chapter4/inst_rom.v" Line 35. Module inst_rom doesn't have a timescale but at least one module in design has a timescale.
WARNING: [XSIM 43-4099] "D:/03大二学习/02数字逻辑与计算机设计/自己写CPU/自己动手写CPU/Code/Chapter4/openmips_min_sopc.v" Line 40. Module openmips_min_sopc doesn't have a timescale but at least one module in design has a timescale.
WARNING: [XSIM 43-4099] "D:/03大二学习/02数字逻辑与计算机设计/自己写CPU/自己动手写CPU/Code/Chapter4/openmips.v" Line 35. Module openmips doesn't have a timescale but at least one module in design has a timescale.
WARNING: [XSIM 43-4099] "D:/03大二学习/02数字逻辑与计算机设计/自己写CPU/自己动手写CPU/Code/Chapter4/pc_reg.v" Line 35. Module pc_reg doesn't have a timescale but at least one module in design has a timescale.
WARNING: [XSIM 43-4099] "D:/03大二学习/02数字逻辑与计算机设计/自己写CPU/自己动手写CPU/Code/Chapter4/if_id.v" Line 35. Module if_id doesn't have a timescale but at least one module in design has a timescale.
WARNING: [XSIM 43-4099] "D:/03大二学习/02数字逻辑与计算机设计/自己写CPU/自己动手写CPU/Code/Chapter4/id.v" Line 35. Module id doesn't have a timescale but at least one module in design has a timescale.
WARNING: [XSIM 43-4099] "D:/03大二学习/02数字逻辑与计算机设计/自己写CPU/自己动手写CPU/Code/Chapter4/regfile.v" Line 35. Module regfile doesn't have a timescale but at least one module in design has a timescale.
WARNING: [XSIM 43-4099] "D:/03大二学习/02数字逻辑与计算机设计/自己写CPU/自己动手写CPU/Code/Chapter4/id_ex.v" Line 35. Module id_ex doesn't have a timescale but at least one module in design has a timescale.
WARNING: [XSIM 43-4099] "D:/03大二学习/02数字逻辑与计算机设计/自己写CPU/自己动手写CPU/Code/Chapter4/ex.v" Line 35. Module ex doesn't have a timescale but at least one module in design has a timescale.
WARNING: [XSIM 43-4099] "D:/03大二学习/02数字逻辑与计算机设计/自己写CPU/自己动手写CPU/Code/Chapter4/ex_mem.v" Line 35. Module ex_mem doesn't have a timescale but at least one module in design has a timescale.
WARNING: [XSIM 43-4099] "D:/03大二学习/02数字逻辑与计算机设计/自己写CPU/自己动手写CPU/Code/Chapter4/mem.v" Line 35. Module mem doesn't have a timescale but at least one module in design has a timescale.
WARNING: [XSIM 43-4099] "D:/03大二学习/02数字逻辑与计算机设计/自己写CPU/自己动手写CPU/Code/Chapter4/mem_wb.v" Line 35. Module mem_wb doesn't have a timescale but at least one module in design has a timescale.
WARNING: [XSIM 43-4099] "D:/03大二学习/02数字逻辑与计算机设计/自己写CPU/自己动手写CPU/Code/Chapter4/inst_rom.v" Line 35. Module inst_rom doesn't have a timescale but at least one module in design has a timescale.
Completed simulation data flow analysis
Time Resolution for simulation is 1ps
Compiling module xil_defaultlib.pc_reg
Compiling module xil_defaultlib.if_id
Compiling module xil_defaultlib.id
Compiling module xil_defaultlib.regfile
Compiling module xil_defaultlib.id_ex
Compiling module xil_defaultlib.ex
Compiling module xil_defaultlib.ex_mem
Compiling module xil_defaultlib.mem
Compiling module xil_defaultlib.mem_wb
Compiling module xil_defaultlib.openmips
Compiling module xil_defaultlib.inst_rom
Compiling module xil_defaultlib.openmips_min_sopc
Compiling module xil_defaultlib.openmips_min_sopc_tb
Compiling module xil_defaultlib.glbl
Built simulation snapshot openmips_min_sopc_tb_behav
